Instance name,  X location,  Y location,  Voltage 
vortex_top_46, 64.365, 70.72, 6.3147e-05
vortex_top_52, 64.365, 70.72, 6.3147e-05
vortex_top_75, 64.365, 70.72, 6.3147e-05
vortex_top_80, 64.365, 70.72, 6.3147e-05
output13, 64.365, 70.72, 6.3147e-05
vortex_top_69, 64.365, 65.28, 6.08443e-05
vortex_top_72, 64.365, 65.28, 6.08443e-05
vortex_top_79, 64.365, 65.28, 6.08443e-05
output16, 64.365, 65.28, 6.08443e-05
FILLER_0_19_125, 64.365, 65.28, 6.08443e-05
FILLER_0_20_121, 64.365, 65.28, 6.08443e-05
vortex_top_54, 64.365, 59.84, 5.91442e-05
FILLER_0_17_125, 64.365, 59.84, 5.91442e-05
vortex_top_81, 64.365, 54.4, 6.34833e-05
output2, 64.365, 54.4, 6.34833e-05
hold18, 64.365, 54.4, 6.34833e-05
output23, 64.365, 48.96, 7.17627e-05
fanout34, 64.365, 48.96, 7.17627e-05
fanout35, 64.365, 48.96, 7.17627e-05
vortex_top_58, 64.365, 43.52, 6.77993e-05
FILLER_0_11_127, 64.365, 43.52, 6.77993e-05
_133_, 64.365, 38.08, 7.03655e-05
vortex_top_67, 64.365, 38.08, 7.03655e-05
input1, 64.365, 38.08, 7.03655e-05
FILLER_0_10_123, 64.365, 38.08, 7.03655e-05
hold27, 64.365, 32.64, 7.26613e-05
FILLER_0_7_125, 64.365, 32.64, 7.26613e-05
vortex_top_44, 64.365, 27.2, 6.38679e-05
vortex_top_96, 64.365, 27.2, 6.38679e-05
vortex_top_98, 64.365, 27.2, 6.38679e-05
FILLER_0_5_125, 64.365, 27.2, 6.38679e-05
FILLER_0_6_127, 64.365, 27.2, 6.38679e-05
vortex_top_39, 64.365, 21.76, 7.67811e-05
vortex_top_87, 64.365, 21.76, 7.67811e-05
FILLER_0_4_125, 64.365, 21.76, 7.67811e-05
vortex_top_49, 64.365, 16.32, 7.89039e-05
vortex_top_66, 64.365, 16.32, 7.89039e-05
vortex_top_82, 64.365, 16.32, 7.89039e-05
vortex_top_100, 64.365, 16.32, 7.89039e-05
hold14, 64.365, 16.32, 7.89039e-05
vortex_top_42, 64.365, 10.88, 7.03033e-05
vortex_top_48, 64.365, 10.88, 7.03033e-05
vortex_top_53, 64.365, 10.88, 7.03033e-05
vortex_top_57, 64.365, 10.88, 7.03033e-05
vortex_top_62, 64.365, 10.88, 7.03033e-05
output17, 64.365, 10.88, 7.03033e-05
vortex_top_68, 48.495, 70.72, 6.21036e-05
vortex_top_76, 48.495, 70.72, 6.21036e-05
FILLER_0_22_90, 48.495, 70.72, 6.21036e-05
FILLER_0_22_97, 48.495, 70.72, 6.21036e-05
hold3, 48.495, 54.4, 6.60888e-05
FILLER_0_16_85, 48.495, 54.4, 6.60888e-05
FILLER_0_17_102, 48.495, 54.4, 6.60888e-05
hold2, 48.495, 48.96, 7.39231e-05
hold9, 48.495, 48.96, 7.39231e-05
FILLER_0_12_97, 48.495, 43.52, 6.55679e-05
FILLER_0_13_95, 48.495, 43.52, 6.55679e-05
_075_, 48.495, 38.08, 9.15883e-05
_129_, 48.495, 38.08, 9.15883e-05
_168_, 48.495, 38.08, 9.15883e-05
FILLER_0_10_85, 48.495, 38.08, 9.15883e-05
_099_, 48.495, 32.64, 8.42115e-05
_128_, 48.495, 32.64, 8.42115e-05
_153_, 48.495, 32.64, 8.42115e-05
hold26, 48.495, 32.64, 8.42115e-05
FILLER_0_7_89, 48.495, 32.64, 8.42115e-05
_146_, 48.495, 27.2, 6.80202e-05
hold13, 48.495, 27.2, 6.80202e-05
FILLER_0_6_90, 48.495, 27.2, 6.80202e-05
FILLER_0_7_101, 48.495, 27.2, 6.80202e-05
_147_, 48.495, 21.76, 9.7189e-05
hold22, 48.495, 21.76, 9.7189e-05
FILLER_0_5_101, 48.495, 21.76, 9.7189e-05
_131_, 48.495, 16.32, 9.05527e-05
_169_, 48.495, 16.32, 9.05527e-05
output7, 48.495, 10.88, 7.3838e-05
output22, 48.495, 10.88, 7.3838e-05
output24, 48.495, 10.88, 7.3838e-05
vortex_top_50, 32.625, 70.72, 6.22073e-05
vortex_top_77, 32.625, 70.72, 6.22073e-05
output9, 32.625, 70.72, 6.22073e-05
FILLER_0_22_62, 32.625, 70.72, 6.22073e-05
FILLER_0_17_57, 32.625, 59.84, 5.89431e-05
_080_, 32.625, 54.4, 7.84674e-05
_094_, 32.625, 54.4, 7.84674e-05
_151_, 32.625, 54.4, 7.84674e-05
_152_, 32.625, 54.4, 7.84674e-05
fanout33, 32.625, 54.4, 7.84674e-05
_083_, 32.625, 48.96, 7.21101e-05
_084_, 32.625, 48.96, 7.21101e-05
_095_, 32.625, 48.96, 7.21101e-05
_096_, 32.625, 48.96, 7.21101e-05
_081_, 32.625, 43.52, 5.74429e-05
FILLER_0_11_57, 32.625, 43.52, 5.74429e-05
FILLER_0_12_65, 32.625, 43.52, 5.74429e-05
FILLER_0_13_66, 32.625, 43.52, 5.74429e-05
_086_, 32.625, 38.08, 0.000100347
_087_, 32.625, 38.08, 0.000100347
_089_, 32.625, 38.08, 0.000100347
_148_, 32.625, 38.08, 0.000100347
hold19, 32.625, 38.08, 0.000100347
clkbuf_0_clk, 32.625, 32.64, 0.000106392
FILLER_0_7_52, 32.625, 32.64, 0.000106392
FILLER_0_8_53, 32.625, 32.64, 0.000106392
_110_, 32.625, 27.2, 7.89758e-05
_111_, 32.625, 27.2, 7.89758e-05
_159_, 32.625, 27.2, 7.89758e-05
_163_, 32.625, 27.2, 7.89758e-05
hold23, 32.625, 27.2, 7.89758e-05
FILLER_0_7_62, 32.625, 27.2, 7.89758e-05
_118_, 32.625, 21.76, 0.000105396
hold16, 32.625, 21.76, 0.000105396
FILLER_0_4_65, 32.625, 21.76, 0.000105396
hold15, 32.625, 16.32, 9.99247e-05
FILLER_0_1_57, 32.625, 16.32, 9.99247e-05
FILLER_0_3_65, 32.625, 16.32, 9.99247e-05
_082_, 32.625, 10.88, 7.64402e-05
vortex_top_56, 32.625, 10.88, 7.64402e-05
vortex_top_71, 32.625, 10.88, 7.64402e-05
output15, 32.625, 10.88, 7.64402e-05
vortex_top_64, 16.755, 70.72, 6.5105e-05
vortex_top_88, 16.755, 70.72, 6.5105e-05
vortex_top_91, 16.755, 70.72, 6.5105e-05
vortex_top_93, 16.755, 70.72, 6.5105e-05
output28, 16.755, 70.72, 6.5105e-05
vortex_top_36, 16.755, 70.72, 6.5105e-05
FILLER_0_17_18, 16.755, 59.84, 6.04287e-05
_102_, 16.755, 54.4, 8.35044e-05
_103_, 16.755, 54.4, 8.35044e-05
_106_, 16.755, 54.4, 8.35044e-05
_107_, 16.755, 54.4, 8.35044e-05
_122_, 16.755, 54.4, 8.35044e-05
_155_, 16.755, 54.4, 8.35044e-05
_157_, 16.755, 54.4, 8.35044e-05
hold20, 16.755, 54.4, 8.35044e-05
_109_, 16.755, 48.96, 7.95027e-05
_158_, 16.755, 48.96, 7.95027e-05
_108_, 16.755, 43.52, 5.99399e-05
hold24, 16.755, 43.52, 5.99399e-05
FILLER_0_12_18, 16.755, 43.52, 5.99399e-05
FILLER_0_13_28, 16.755, 43.52, 5.99399e-05
_077_, 16.755, 38.08, 0.000127526
_154_, 16.755, 38.08, 0.000127526
clkbuf_2_1__f_clk, 16.755, 38.08, 0.000127526
FILLER_0_11_25, 16.755, 38.08, 0.000127526
vortex_top_78, 16.755, 32.64, 8.781e-05
hold6, 16.755, 32.64, 8.781e-05
FILLER_0_7_17, 16.755, 32.64, 8.781e-05
_143_, 16.755, 27.2, 8.10299e-05
FILLER_0_6_29, 16.755, 27.2, 8.10299e-05
_136_, 16.755, 21.76, 0.000105697
_141_, 16.755, 21.76, 0.000105697
_175_, 16.755, 21.76, 0.000105697
vortex_top_40, 16.755, 21.76, 0.000105697
vortex_top_65, 16.755, 21.76, 0.000105697
hold5, 16.755, 21.76, 0.000105697
_076_, 16.755, 16.32, 0.00013871
clkbuf_2_0__f_clk, 16.755, 16.32, 0.00013871
hold10, 16.755, 16.32, 0.00013871
FILLER_0_3_26, 16.755, 16.32, 0.00013871
vortex_top_47, 16.755, 10.88, 8.43261e-05
vortex_top_90, 16.755, 10.88, 8.43261e-05
vortex_top_97, 16.755, 10.88, 8.43261e-05
output20, 16.755, 10.88, 8.43261e-05
PHY_42, 5.52, 70.72, 6.94934e-05
PHY_44, 5.52, 70.72, 6.94934e-05
output3, 5.52, 70.72, 6.94934e-05
output11, 5.52, 70.72, 6.94934e-05
FILLER_0_22_9, 5.52, 70.72, 6.94934e-05
PHY_43, 69, 70.72, 6.3147e-05
PHY_45, 69, 70.72, 6.3147e-05
vortex_top_83, 24.69, 70.72, 6.36562e-05
vortex_top_84, 24.69, 70.72, 6.36562e-05
FILLER_0_22_34, 24.69, 70.72, 6.36562e-05
FILLER_0_22_41, 24.69, 70.72, 6.36562e-05
FILLER_0_22_48, 24.69, 70.72, 6.36562e-05
vortex_top_37, 40.56, 70.72, 6.21554e-05
vortex_top_51, 40.56, 70.72, 6.21554e-05
FILLER_0_22_76, 40.56, 70.72, 6.21554e-05
vortex_top_92, 56.43, 70.72, 6.43274e-05
output14, 56.43, 70.72, 6.43274e-05
output25, 56.43, 70.72, 6.43274e-05
output26, 56.43, 70.72, 6.43274e-05
FILLER_0_21_105, 56.43, 70.72, 6.43274e-05
vortex_top_43, 5.52, 65.28, 6.77742e-05
vortex_top_59, 5.52, 65.28, 6.77742e-05
vortex_top_63, 5.52, 65.28, 6.77742e-05
PHY_38, 5.52, 65.28, 6.77742e-05
PHY_40, 5.52, 65.28, 6.77742e-05
output27, 5.52, 65.28, 6.77742e-05
output31, 5.52, 65.28, 6.77742e-05
PHY_39, 69, 65.28, 6.08443e-05
PHY_41, 69, 65.28, 6.08443e-05
FILLER_0_21_46, 24.69, 65.28, 6.1478e-05
FILLER_0_20_77, 40.56, 65.28, 5.98148e-05
vortex_top_86, 56.43, 65.28, 6.03057e-05
FILLER_0_19_105, 56.43, 65.28, 6.03057e-05
FILLER_0_21_113, 56.43, 65.28, 6.03057e-05
vortex_top_60, 5.52, 59.84, 6.04288e-05
PHY_34, 5.52, 59.84, 6.04288e-05
PHY_36, 5.52, 59.84, 6.04288e-05
PHY_35, 69, 59.84, 5.91442e-05
PHY_37, 69, 59.84, 5.91442e-05
hold17, 24.69, 59.84, 6.00027e-05
hold1, 40.56, 59.84, 5.93225e-05
FILLER_0_18_77, 40.56, 59.84, 5.93225e-05
vortex_top_55, 5.52, 54.4, 8.35044e-05
vortex_top_61, 5.52, 54.4, 8.35044e-05
PHY_30, 5.52, 54.4, 8.35044e-05
PHY_32, 5.52, 54.4, 8.35044e-05
FILLER_0_16_6, 5.52, 54.4, 8.35044e-05
PHY_31, 69, 54.4, 6.34833e-05
PHY_33, 69, 54.4, 6.34833e-05
hold21, 24.69, 54.4, 8.13152e-05
FILLER_0_16_49, 24.69, 54.4, 8.13152e-05
_093_, 40.56, 54.4, 7.24277e-05
FILLER_0_16_81, 40.56, 54.4, 7.24277e-05
_104_, 56.43, 54.4, 6.50399e-05
_105_, 56.43, 54.4, 6.50399e-05
FILLER_0_15_103, 56.43, 54.4, 6.50399e-05
_123_, 5.52, 48.96, 9.2785e-05
_165_, 5.52, 48.96, 9.2785e-05
vortex_top_95, 5.52, 48.96, 9.2785e-05
PHY_26, 5.52, 48.96, 9.2785e-05
PHY_28, 5.52, 48.96, 9.2785e-05
FILLER_0_14_3, 5.52, 48.96, 9.2785e-05
FILLER_0_15_6, 5.52, 48.96, 9.2785e-05
PHY_27, 69, 48.96, 7.17627e-05
PHY_29, 69, 48.96, 7.17627e-05
hold12, 24.69, 48.96, 7.61174e-05
FILLER_0_14_49, 24.69, 48.96, 7.61174e-05
FILLER_0_15_46, 24.69, 48.96, 7.61174e-05
_091_, 40.56, 48.96, 8.22452e-05
_092_, 40.56, 48.96, 8.22452e-05
_097_, 40.56, 48.96, 8.22452e-05
_149_, 40.56, 48.96, 8.22452e-05
_150_, 40.56, 48.96, 8.22452e-05
FILLER_0_14_80, 40.56, 48.96, 8.22452e-05
_126_, 56.43, 48.96, 7.76644e-05
_127_, 56.43, 48.96, 7.76644e-05
_156_, 56.43, 48.96, 7.76644e-05
vortex_top_70, 56.43, 48.96, 7.76644e-05
FILLER_0_14_113, 56.43, 48.96, 7.76644e-05
vortex_top_45, 5.52, 43.52, 6.22321e-05
PHY_22, 5.52, 43.52, 6.22321e-05
PHY_24, 5.52, 43.52, 6.22321e-05
output4, 5.52, 43.52, 6.22321e-05
PHY_23, 69, 43.52, 6.77993e-05
PHY_25, 69, 43.52, 6.77993e-05
FILLER_0_13_46, 24.69, 43.52, 5.86914e-05
_088_, 40.56, 43.52, 6.2594e-05
_090_, 40.56, 43.52, 6.2594e-05
fanout32, 40.56, 43.52, 6.2594e-05
FILLER_0_12_78, 40.56, 43.52, 6.2594e-05
_144_, 56.43, 43.52, 7.60938e-05
_145_, 56.43, 43.52, 7.60938e-05
_167_, 56.43, 43.52, 7.60938e-05
_176_, 56.43, 43.52, 7.60938e-05
_124_, 5.52, 38.08, 0.000141189
_125_, 5.52, 38.08, 0.000141189
_166_, 5.52, 38.08, 0.000141189
vortex_top_94, 5.52, 38.08, 0.000141189
vortex_top_101, 5.52, 38.08, 0.000141189
PHY_18, 5.52, 38.08, 0.000141189
PHY_20, 5.52, 38.08, 0.000141189
FILLER_0_11_9, 5.52, 38.08, 0.000141189
PHY_19, 69, 38.08, 7.03655e-05
PHY_21, 69, 38.08, 7.03655e-05
_100_, 24.69, 38.08, 0.000114189
_101_, 24.69, 38.08, 0.000114189
_074_, 40.56, 38.08, 0.000121918
_085_, 40.56, 38.08, 0.000121918
clkbuf_2_3__f_clk, 40.56, 38.08, 0.000121918
hold8, 56.43, 38.08, 8.1608e-05
hold25, 56.43, 38.08, 8.1608e-05
FILLER_0_9_103, 56.43, 38.08, 8.1608e-05
FILLER_0_11_113, 56.43, 38.08, 8.1608e-05
_120_, 5.52, 32.64, 0.000102219
_121_, 5.52, 32.64, 0.000102219
_164_, 5.52, 32.64, 0.000102219
PHY_14, 5.52, 32.64, 0.000102219
PHY_16, 5.52, 32.64, 0.000102219
hold11, 5.52, 32.64, 0.000102219
PHY_15, 69, 32.64, 7.26613e-05
PHY_17, 69, 32.64, 7.26613e-05
_079_, 24.69, 32.64, 9.71042e-05
FILLER_0_9_42, 24.69, 32.64, 9.71042e-05
FILLER_0_7_75, 40.56, 32.64, 9.53015e-05
_078_, 56.43, 32.64, 8.32383e-05
_132_, 56.43, 32.64, 8.32383e-05
_170_, 56.43, 32.64, 8.32383e-05
FILLER_0_7_109, 56.43, 32.64, 8.32383e-05
FILLER_0_8_112, 56.43, 32.64, 8.32383e-05
FILLER_0_8_118, 56.43, 32.64, 8.32383e-05
_138_, 5.52, 27.2, 9.64593e-05
_173_, 5.52, 27.2, 9.64593e-05
vortex_top_85, 5.52, 27.2, 9.64593e-05
PHY_10, 5.52, 27.2, 9.64593e-05
PHY_12, 5.52, 27.2, 9.64593e-05
output19, 5.52, 27.2, 9.64593e-05
PHY_11, 69, 27.2, 6.38679e-05
PHY_13, 69, 27.2, 6.38679e-05
_119_, 24.69, 27.2, 8.01414e-05
_098_, 40.56, 27.2, 7.36219e-05
FILLER_0_6_74, 40.56, 27.2, 7.36219e-05
FILLER_0_5_109, 56.43, 27.2, 6.59441e-05
_139_, 5.52, 21.76, 0.000121141
_172_, 5.52, 21.76, 0.000121141
PHY_6, 5.52, 21.76, 0.000121141
PHY_8, 5.52, 21.76, 0.000121141
output10, 5.52, 21.76, 0.000121141
FILLER_0_4_3, 5.52, 21.76, 0.000121141
FILLER_0_5_9, 5.52, 21.76, 0.000121141
PHY_7, 69, 21.76, 7.67811e-05
PHY_9, 69, 21.76, 7.67811e-05
_142_, 24.69, 21.76, 0.00011054
_162_, 24.69, 21.76, 0.00011054
hold7, 24.69, 21.76, 0.00011054
_114_, 40.56, 21.76, 0.000130974
_177_, 40.56, 21.76, 0.000130974
clkbuf_2_2__f_clk, 40.56, 21.76, 0.000130974
hold28, 40.56, 21.76, 0.000130974
FILLER_0_4_78, 40.56, 21.76, 0.000130974
FILLER_0_5_77, 40.56, 21.76, 0.000130974
_135_, 56.43, 21.76, 8.71091e-05
FILLER_0_3_104, 56.43, 21.76, 8.71091e-05
_137_, 5.52, 16.32, 0.000154075
_174_, 5.52, 16.32, 0.000154075
vortex_top_99, 5.52, 16.32, 0.000154075
PHY_2, 5.52, 16.32, 0.000154075
PHY_4, 5.52, 16.32, 0.000154075
output30, 5.52, 16.32, 0.000154075
PHY_3, 69, 16.32, 7.89039e-05
PHY_5, 69, 16.32, 7.89039e-05
_113_, 24.69, 16.32, 0.000124261
_117_, 24.69, 16.32, 0.000124261
_140_, 24.69, 16.32, 0.000124261
_160_, 24.69, 16.32, 0.000124261
vortex_top_41, 24.69, 16.32, 0.000124261
FILLER_0_3_47, 24.69, 16.32, 0.000124261
_115_, 40.56, 16.32, 0.000100352
_130_, 40.56, 16.32, 0.000100352
_161_, 40.56, 16.32, 0.000100352
hold4, 40.56, 16.32, 0.000100352
_134_, 56.43, 16.32, 8.93837e-05
_171_, 56.43, 16.32, 8.93837e-05
FILLER_0_1_107, 56.43, 16.32, 8.93837e-05
FILLER_0_2_105, 56.43, 16.32, 8.93837e-05
FILLER_0_2_117, 56.43, 16.32, 8.93837e-05
PHY_0, 5.52, 10.88, 9.36522e-05
output6, 5.52, 10.88, 9.36522e-05
output8, 5.52, 10.88, 9.36522e-05
output12, 5.52, 10.88, 9.36522e-05
output18, 5.52, 10.88, 9.36522e-05
PHY_1, 69, 10.88, 7.03033e-05
_112_, 24.69, 10.88, 8.14517e-05
_116_, 24.69, 10.88, 8.14517e-05
vortex_top_38, 24.69, 10.88, 8.14517e-05
output21, 24.69, 10.88, 8.14517e-05
FILLER_0_0_34, 24.69, 10.88, 8.14517e-05
FILLER_0_0_49, 24.69, 10.88, 8.14517e-05
FILLER_0_1_49, 24.69, 10.88, 8.14517e-05
output5, 40.56, 10.88, 7.59566e-05
FILLER_0_0_70, 40.56, 10.88, 7.59566e-05
FILLER_0_0_79, 40.56, 10.88, 7.59566e-05
vortex_top_73, 56.43, 10.88, 7.28916e-05
vortex_top_74, 56.43, 10.88, 7.28916e-05
vortex_top_89, 56.43, 10.88, 7.28916e-05
output29, 56.43, 10.88, 7.28916e-05
FILLER_0_0_106, 56.43, 10.88, 7.28916e-05
FILLER_0_1_113, 56.43, 10.88, 7.28916e-05

