Instance name,  X location,  Y location,  Voltage 
output25, 61.065, 73.44, 1.79994
output26, 61.065, 73.44, 1.79994
vortex_top_46, 61.065, 68, 1.79994
vortex_top_52, 61.065, 68, 1.79994
vortex_top_75, 61.065, 68, 1.79994
vortex_top_80, 61.065, 68, 1.79994
vortex_top_86, 61.065, 68, 1.79994
output13, 61.065, 68, 1.79994
output16, 61.065, 68, 1.79994
FILLER_0_21_113, 61.065, 68, 1.79994
vortex_top_69, 61.065, 62.56, 1.79995
vortex_top_79, 61.065, 62.56, 1.79995
FILLER_0_19_125, 61.065, 62.56, 1.79995
FILLER_0_20_121, 61.065, 62.56, 1.79995
FILLER_0_17_125, 61.065, 57.12, 1.79995
_156_, 61.065, 51.68, 1.79994
vortex_top_70, 61.065, 51.68, 1.79994
hold18, 61.065, 51.68, 1.79994
FILLER_0_14_113, 61.065, 51.68, 1.79994
_167_, 61.065, 46.24, 1.79993
fanout34, 61.065, 46.24, 1.79993
fanout35, 61.065, 46.24, 1.79993
_133_, 61.065, 40.8, 1.79993
hold8, 61.065, 40.8, 1.79993
FILLER_0_11_113, 61.065, 40.8, 1.79993
FILLER_0_11_127, 61.065, 40.8, 1.79993
_132_, 61.065, 35.36, 1.79989
_170_, 61.065, 35.36, 1.79989
FILLER_0_8_118, 61.065, 35.36, 1.79989
FILLER_0_10_123, 61.065, 35.36, 1.79989
vortex_top_44, 61.065, 29.92, 1.79992
hold27, 61.065, 29.92, 1.79992
FILLER_0_7_125, 61.065, 29.92, 1.79992
FILLER_0_5_125, 61.065, 24.48, 1.79991
FILLER_0_6_127, 61.065, 24.48, 1.79991
_134_, 61.065, 19.04, 1.79989
_171_, 61.065, 19.04, 1.79989
FILLER_0_2_117, 61.065, 19.04, 1.79989
FILLER_0_4_125, 61.065, 19.04, 1.79989
vortex_top_42, 61.065, 13.6, 1.7999
vortex_top_48, 61.065, 13.6, 1.7999
vortex_top_49, 61.065, 13.6, 1.7999
vortex_top_53, 61.065, 13.6, 1.7999
vortex_top_62, 61.065, 13.6, 1.7999
vortex_top_82, 61.065, 13.6, 1.7999
vortex_top_89, 61.065, 13.6, 1.7999
vortex_top_100, 61.065, 13.6, 1.7999
output29, 61.065, 13.6, 1.7999
hold14, 61.065, 13.6, 1.7999
FILLER_0_1_113, 61.065, 13.6, 1.7999
vortex_top_37, 45.195, 73.44, 1.79994
vortex_top_68, 45.195, 68, 1.79995
vortex_top_76, 45.195, 68, 1.79995
FILLER_0_22_90, 45.195, 68, 1.79995
_093_, 45.195, 57.12, 1.79995
FILLER_0_16_81, 45.195, 57.12, 1.79995
FILLER_0_16_85, 45.195, 57.12, 1.79995
_150_, 45.195, 51.68, 1.79993
hold2, 45.195, 51.68, 1.79993
hold3, 45.195, 51.68, 1.79993
FILLER_0_14_80, 45.195, 51.68, 1.79993
hold9, 45.195, 46.24, 1.79994
FILLER_0_12_78, 45.195, 46.24, 1.79994
_074_, 45.195, 40.8, 1.79992
_085_, 45.195, 40.8, 1.79992
FILLER_0_10_85, 45.195, 40.8, 1.79992
_075_, 45.195, 35.36, 1.79985
_153_, 45.195, 35.36, 1.79985
_168_, 45.195, 35.36, 1.79985
_098_, 45.195, 29.92, 1.79992
_099_, 45.195, 29.92, 1.79992
hold26, 45.195, 29.92, 1.79992
FILLER_0_7_89, 45.195, 29.92, 1.79992
_146_, 45.195, 24.48, 1.7999
_147_, 45.195, 24.48, 1.7999
_177_, 45.195, 24.48, 1.7999
FILLER_0_4_78, 45.195, 24.48, 1.7999
FILLER_0_6_90, 45.195, 24.48, 1.7999
_169_, 45.195, 19.04, 1.79987
hold22, 45.195, 19.04, 1.79987
output22, 45.195, 13.6, 1.79989
output24, 45.195, 13.6, 1.79989
FILLER_0_0_79, 45.195, 13.6, 1.79989
vortex_top_84, 29.325, 73.44, 1.79994
FILLER_0_22_48, 29.325, 73.44, 1.79994
vortex_top_50, 29.325, 68, 1.79994
vortex_top_77, 29.325, 68, 1.79994
FILLER_0_21_46, 29.325, 68, 1.79994
FILLER_0_16_49, 29.325, 57.12, 1.79994
FILLER_0_17_57, 29.325, 57.12, 1.79994
_094_, 29.325, 51.68, 1.79992
_151_, 29.325, 51.68, 1.79992
_152_, 29.325, 51.68, 1.79992
FILLER_0_14_49, 29.325, 51.68, 1.79992
FILLER_0_15_46, 29.325, 51.68, 1.79992
_083_, 29.325, 46.24, 1.79993
_084_, 29.325, 46.24, 1.79993
_096_, 29.325, 46.24, 1.79993
FILLER_0_13_46, 29.325, 46.24, 1.79993
_081_, 29.325, 40.8, 1.79991
_086_, 29.325, 40.8, 1.79991
hold19, 29.325, 40.8, 1.79991
FILLER_0_11_57, 29.325, 40.8, 1.79991
_079_, 29.325, 35.36, 1.79984
_087_, 29.325, 35.36, 1.79984
_110_, 29.325, 29.92, 1.79991
_111_, 29.325, 29.92, 1.79991
_119_, 29.325, 29.92, 1.79991
FILLER_0_7_52, 29.325, 29.92, 1.79991
FILLER_0_8_53, 29.325, 29.92, 1.79991
_159_, 29.325, 24.48, 1.79988
_163_, 29.325, 24.48, 1.79988
hold7, 29.325, 24.48, 1.79988
_160_, 29.325, 19.04, 1.79986
hold16, 29.325, 19.04, 1.79986
FILLER_0_3_47, 29.325, 19.04, 1.79986
_112_, 29.325, 13.6, 1.79987
vortex_top_56, 29.325, 13.6, 1.79987
vortex_top_71, 29.325, 13.6, 1.79987
FILLER_0_0_49, 29.325, 13.6, 1.79987
FILLER_0_1_49, 29.325, 13.6, 1.79987
FILLER_0_1_57, 29.325, 13.6, 1.79987
output3, 13.455, 73.44, 1.79993
output28, 13.455, 73.44, 1.79993
FILLER_0_22_9, 13.455, 73.44, 1.79993
vortex_top_43, 13.455, 68, 1.79994
vortex_top_59, 13.455, 68, 1.79994
vortex_top_64, 13.455, 68, 1.79994
vortex_top_91, 13.455, 68, 1.79994
vortex_top_93, 13.455, 68, 1.79994
vortex_top_36, 13.455, 68, 1.79994
_102_, 13.455, 57.12, 1.79993
FILLER_0_17_18, 13.455, 57.12, 1.79993
_103_, 13.455, 51.68, 1.79991
_106_, 13.455, 51.68, 1.79991
_107_, 13.455, 51.68, 1.79991
_122_, 13.455, 51.68, 1.79991
_123_, 13.455, 51.68, 1.79991
_155_, 13.455, 51.68, 1.79991
_108_, 13.455, 46.24, 1.79992
_109_, 13.455, 46.24, 1.79992
_125_, 13.455, 40.8, 1.79991
hold24, 13.455, 40.8, 1.79991
FILLER_0_11_9, 13.455, 40.8, 1.79991
FILLER_0_11_25, 13.455, 40.8, 1.79991
FILLER_0_12_18, 13.455, 40.8, 1.79991
clkbuf_2_1__f_clk, 13.455, 35.36, 1.79984
_138_, 13.455, 29.92, 1.7999
vortex_top_78, 13.455, 29.92, 1.7999
hold6, 13.455, 29.92, 1.7999
FILLER_0_7_17, 13.455, 29.92, 1.7999
_139_, 13.455, 24.48, 1.79988
FILLER_0_5_9, 13.455, 24.48, 1.79988
_136_, 13.455, 19.04, 1.79987
_137_, 13.455, 19.04, 1.79987
_141_, 13.455, 19.04, 1.79987
vortex_top_40, 13.455, 19.04, 1.79987
vortex_top_65, 13.455, 19.04, 1.79987
vortex_top_90, 13.455, 13.6, 1.79983
vortex_top_97, 13.455, 13.6, 1.79983
output6, 13.455, 13.6, 1.79983
output8, 13.455, 13.6, 1.79983
output20, 13.455, 13.6, 1.79983
clkbuf_2_0__f_clk, 13.455, 13.6, 1.79983
PHY_44, 5.52, 73.44, 1.79993
PHY_45, 69, 73.44, 1.79994
vortex_top_88, 21.39, 73.44, 1.79994
FILLER_0_22_34, 21.39, 73.44, 1.79994
output9, 37.26, 73.44, 1.79994
FILLER_0_22_62, 37.26, 73.44, 1.79994
output14, 53.13, 73.44, 1.79994
FILLER_0_22_97, 53.13, 73.44, 1.79994
vortex_top_63, 5.52, 68, 1.79993
PHY_40, 5.52, 68, 1.79993
PHY_42, 5.52, 68, 1.79993
output11, 5.52, 68, 1.79993
output31, 5.52, 68, 1.79993
vortex_top_72, 69, 68, 1.79994
PHY_41, 69, 68, 1.79994
PHY_43, 69, 68, 1.79994
vortex_top_83, 21.39, 68, 1.79994
FILLER_0_22_41, 21.39, 68, 1.79994
vortex_top_51, 37.26, 68, 1.79994
FILLER_0_22_76, 37.26, 68, 1.79994
vortex_top_92, 53.13, 68, 1.79995
FILLER_0_21_105, 53.13, 68, 1.79995
vortex_top_60, 5.52, 62.56, 1.79993
PHY_36, 5.52, 62.56, 1.79993
PHY_38, 5.52, 62.56, 1.79993
output27, 5.52, 62.56, 1.79993
vortex_top_54, 69, 62.56, 1.79995
PHY_37, 69, 62.56, 1.79995
PHY_39, 69, 62.56, 1.79995
FILLER_0_20_77, 37.26, 62.56, 1.79994
FILLER_0_19_105, 53.13, 62.56, 1.79995
vortex_top_61, 5.52, 57.12, 1.79993
PHY_32, 5.52, 57.12, 1.79993
PHY_34, 5.52, 57.12, 1.79993
vortex_top_81, 69, 57.12, 1.79995
PHY_33, 69, 57.12, 1.79995
PHY_35, 69, 57.12, 1.79995
output2, 69, 57.12, 1.79995
_157_, 21.39, 57.12, 1.79993
hold17, 21.39, 57.12, 1.79993
hold20, 21.39, 57.12, 1.79993
_080_, 37.26, 57.12, 1.79994
fanout33, 37.26, 57.12, 1.79994
hold1, 37.26, 57.12, 1.79994
FILLER_0_18_77, 37.26, 57.12, 1.79994
FILLER_0_17_102, 53.13, 57.12, 1.79995
vortex_top_55, 5.52, 51.68, 1.79991
vortex_top_95, 5.52, 51.68, 1.79991
PHY_28, 5.52, 51.68, 1.79991
PHY_30, 5.52, 51.68, 1.79991
FILLER_0_15_6, 5.52, 51.68, 1.79991
FILLER_0_16_6, 5.52, 51.68, 1.79991
PHY_29, 69, 51.68, 1.79993
PHY_31, 69, 51.68, 1.79993
output23, 69, 51.68, 1.79993
_158_, 21.39, 51.68, 1.79991
hold21, 21.39, 51.68, 1.79991
_095_, 37.26, 51.68, 1.79993
_097_, 37.26, 51.68, 1.79993
_104_, 53.13, 51.68, 1.79993
_105_, 53.13, 51.68, 1.79993
FILLER_0_15_103, 53.13, 51.68, 1.79993
_165_, 5.52, 46.24, 1.79991
PHY_24, 5.52, 46.24, 1.79991
PHY_26, 5.52, 46.24, 1.79991
output4, 5.52, 46.24, 1.79991
FILLER_0_14_3, 5.52, 46.24, 1.79991
vortex_top_58, 69, 46.24, 1.79993
PHY_25, 69, 46.24, 1.79993
PHY_27, 69, 46.24, 1.79993
hold12, 21.39, 46.24, 1.79992
FILLER_0_13_28, 21.39, 46.24, 1.79992
_091_, 37.26, 46.24, 1.79993
_092_, 37.26, 46.24, 1.79993
_149_, 37.26, 46.24, 1.79993
FILLER_0_12_65, 37.26, 46.24, 1.79993
FILLER_0_13_66, 37.26, 46.24, 1.79993
_126_, 53.13, 46.24, 1.79993
_127_, 53.13, 46.24, 1.79993
FILLER_0_12_97, 53.13, 46.24, 1.79993
FILLER_0_13_95, 53.13, 46.24, 1.79993
vortex_top_45, 5.52, 40.8, 1.79991
vortex_top_94, 5.52, 40.8, 1.79991
vortex_top_101, 5.52, 40.8, 1.79991
PHY_20, 5.52, 40.8, 1.79991
PHY_22, 5.52, 40.8, 1.79991
vortex_top_67, 69, 40.8, 1.79993
PHY_21, 69, 40.8, 1.79993
PHY_23, 69, 40.8, 1.79993
input1, 69, 40.8, 1.79993
_077_, 21.39, 40.8, 1.79991
_154_, 21.39, 40.8, 1.79991
_088_, 37.26, 40.8, 1.79991
_089_, 37.26, 40.8, 1.79991
_090_, 37.26, 40.8, 1.79991
_148_, 37.26, 40.8, 1.79991
fanout32, 37.26, 40.8, 1.79991
_129_, 53.13, 40.8, 1.79992
_144_, 53.13, 40.8, 1.79992
_145_, 53.13, 40.8, 1.79992
_176_, 53.13, 40.8, 1.79992
_121_, 5.52, 35.36, 1.79983
_124_, 5.52, 35.36, 1.79983
_166_, 5.52, 35.36, 1.79983
PHY_16, 5.52, 35.36, 1.79983
PHY_18, 5.52, 35.36, 1.79983
hold11, 5.52, 35.36, 1.79983
PHY_17, 69, 35.36, 1.79989
PHY_19, 69, 35.36, 1.79989
_100_, 21.39, 35.36, 1.79984
_101_, 21.39, 35.36, 1.79984
FILLER_0_9_42, 21.39, 35.36, 1.79984
clkbuf_0_clk, 37.26, 35.36, 1.79979
clkbuf_2_3__f_clk, 37.26, 35.36, 1.79979
_128_, 53.13, 35.36, 1.79987
hold25, 53.13, 35.36, 1.79987
FILLER_0_9_103, 53.13, 35.36, 1.79987
_120_, 5.52, 29.92, 1.79989
_164_, 5.52, 29.92, 1.79989
PHY_12, 5.52, 29.92, 1.79989
PHY_14, 5.52, 29.92, 1.79989
output19, 5.52, 29.92, 1.79989
vortex_top_96, 69, 29.92, 1.79992
vortex_top_98, 69, 29.92, 1.79992
PHY_13, 69, 29.92, 1.79992
PHY_15, 69, 29.92, 1.79992
_143_, 21.39, 29.92, 1.7999
FILLER_0_6_29, 21.39, 29.92, 1.7999
hold23, 37.26, 29.92, 1.79991
FILLER_0_7_62, 37.26, 29.92, 1.79991
FILLER_0_7_75, 37.26, 29.92, 1.79991
_078_, 53.13, 29.92, 1.79992
hold13, 53.13, 29.92, 1.79992
FILLER_0_7_101, 53.13, 29.92, 1.79992
FILLER_0_7_109, 53.13, 29.92, 1.79992
FILLER_0_8_112, 53.13, 29.92, 1.79992
_173_, 5.52, 24.48, 1.79987
vortex_top_85, 5.52, 24.48, 1.79987
PHY_8, 5.52, 24.48, 1.79987
PHY_10, 5.52, 24.48, 1.79987
output10, 5.52, 24.48, 1.79987
vortex_top_39, 69, 24.48, 1.79991
vortex_top_87, 69, 24.48, 1.79991
PHY_9, 69, 24.48, 1.79991
PHY_11, 69, 24.48, 1.79991
_175_, 21.39, 24.48, 1.79988
hold5, 21.39, 24.48, 1.79988
_118_, 37.26, 24.48, 1.79989
FILLER_0_4_65, 37.26, 24.48, 1.79989
FILLER_0_5_77, 37.26, 24.48, 1.79989
FILLER_0_6_74, 37.26, 24.48, 1.79989
FILLER_0_5_101, 53.13, 24.48, 1.79991
FILLER_0_5_109, 53.13, 24.48, 1.79991
_172_, 5.52, 19.04, 1.79986
PHY_4, 5.52, 19.04, 1.79986
PHY_6, 5.52, 19.04, 1.79986
output30, 5.52, 19.04, 1.79986
FILLER_0_4_3, 5.52, 19.04, 1.79986
vortex_top_66, 69, 19.04, 1.79989
PHY_5, 69, 19.04, 1.79989
PHY_7, 69, 19.04, 1.79989
_076_, 21.39, 19.04, 1.79986
_142_, 21.39, 19.04, 1.79986
_162_, 21.39, 19.04, 1.79986
hold10, 21.39, 19.04, 1.79986
FILLER_0_3_26, 21.39, 19.04, 1.79986
_114_, 37.26, 19.04, 1.79984
clkbuf_2_2__f_clk, 37.26, 19.04, 1.79984
hold15, 37.26, 19.04, 1.79984
hold28, 37.26, 19.04, 1.79984
FILLER_0_3_65, 37.26, 19.04, 1.79984
_131_, 53.13, 19.04, 1.79988
_135_, 53.13, 19.04, 1.79988
FILLER_0_3_104, 53.13, 19.04, 1.79988
_174_, 5.52, 13.6, 1.79982
vortex_top_99, 5.52, 13.6, 1.79982
PHY_0, 5.52, 13.6, 1.79982
PHY_2, 5.52, 13.6, 1.79982
output12, 5.52, 13.6, 1.79982
output18, 5.52, 13.6, 1.79982
vortex_top_57, 69, 13.6, 1.7999
PHY_1, 69, 13.6, 1.7999
PHY_3, 69, 13.6, 1.7999
output17, 69, 13.6, 1.7999
_113_, 21.39, 13.6, 1.79985
_116_, 21.39, 13.6, 1.79985
_117_, 21.39, 13.6, 1.79985
_140_, 21.39, 13.6, 1.79985
vortex_top_38, 21.39, 13.6, 1.79985
vortex_top_41, 21.39, 13.6, 1.79985
vortex_top_47, 21.39, 13.6, 1.79985
output21, 21.39, 13.6, 1.79985
FILLER_0_0_34, 21.39, 13.6, 1.79985
_082_, 37.26, 13.6, 1.79988
_115_, 37.26, 13.6, 1.79988
_130_, 37.26, 13.6, 1.79988
_161_, 37.26, 13.6, 1.79988
output5, 37.26, 13.6, 1.79988
output15, 37.26, 13.6, 1.79988
hold4, 37.26, 13.6, 1.79988
FILLER_0_0_70, 37.26, 13.6, 1.79988
vortex_top_73, 53.13, 13.6, 1.7999
vortex_top_74, 53.13, 13.6, 1.7999
output7, 53.13, 13.6, 1.7999
FILLER_0_0_106, 53.13, 13.6, 1.7999
FILLER_0_1_107, 53.13, 13.6, 1.7999
FILLER_0_2_105, 53.13, 13.6, 1.7999

