
79. Executing CHECK pass (checking for obvious problems).
Checking module vortex_top...
Warning: Wire vortex_top.\debug_pc [31] is used but has no driver.
Warning: Wire vortex_top.\debug_pc [30] is used but has no driver.
Warning: Wire vortex_top.\debug_pc [29] is used but has no driver.
Warning: Wire vortex_top.\debug_pc [28] is used but has no driver.
Warning: Wire vortex_top.\debug_pc [27] is used but has no driver.
Warning: Wire vortex_top.\debug_pc [26] is used but has no driver.
Warning: Wire vortex_top.\debug_pc [25] is used but has no driver.
Warning: Wire vortex_top.\debug_pc [24] is used but has no driver.
Warning: Wire vortex_top.\debug_pc [23] is used but has no driver.
Warning: Wire vortex_top.\debug_pc [22] is used but has no driver.
Warning: Wire vortex_top.\debug_pc [21] is used but has no driver.
Warning: Wire vortex_top.\debug_pc [20] is used but has no driver.
Warning: Wire vortex_top.\debug_pc [19] is used but has no driver.
Warning: Wire vortex_top.\debug_pc [18] is used but has no driver.
Warning: Wire vortex_top.\debug_pc [17] is used but has no driver.
Warning: Wire vortex_top.\debug_pc [16] is used but has no driver.
Warning: Wire vortex_top.\debug_pc [15] is used but has no driver.
Warning: Wire vortex_top.\debug_pc [14] is used but has no driver.
Warning: Wire vortex_top.\debug_pc [13] is used but has no driver.
Warning: Wire vortex_top.\debug_pc [12] is used but has no driver.
Warning: Wire vortex_top.\debug_pc [11] is used but has no driver.
Warning: Wire vortex_top.\debug_pc [10] is used but has no driver.
Warning: Wire vortex_top.\debug_pc [9] is used but has no driver.
Warning: Wire vortex_top.\debug_pc [8] is used but has no driver.
Warning: Wire vortex_top.\debug_pc [7] is used but has no driver.
Warning: Wire vortex_top.\debug_pc [6] is used but has no driver.
Warning: Wire vortex_top.\debug_pc [5] is used but has no driver.
Warning: Wire vortex_top.\debug_pc [4] is used but has no driver.
Warning: Wire vortex_top.\debug_pc [3] is used but has no driver.
Warning: Wire vortex_top.\debug_pc [2] is used but has no driver.
Warning: Wire vortex_top.\debug_pc [1] is used but has no driver.
Warning: Wire vortex_top.\debug_pc [0] is used but has no driver.
Warning: Wire vortex_top.\debug_instruction [31] is used but has no driver.
Warning: Wire vortex_top.\debug_instruction [30] is used but has no driver.
Warning: Wire vortex_top.\debug_instruction [29] is used but has no driver.
Warning: Wire vortex_top.\debug_instruction [28] is used but has no driver.
Warning: Wire vortex_top.\debug_instruction [27] is used but has no driver.
Warning: Wire vortex_top.\debug_instruction [26] is used but has no driver.
Warning: Wire vortex_top.\debug_instruction [25] is used but has no driver.
Warning: Wire vortex_top.\debug_instruction [24] is used but has no driver.
Warning: Wire vortex_top.\debug_instruction [23] is used but has no driver.
Warning: Wire vortex_top.\debug_instruction [22] is used but has no driver.
Warning: Wire vortex_top.\debug_instruction [21] is used but has no driver.
Warning: Wire vortex_top.\debug_instruction [20] is used but has no driver.
Warning: Wire vortex_top.\debug_instruction [19] is used but has no driver.
Warning: Wire vortex_top.\debug_instruction [18] is used but has no driver.
Warning: Wire vortex_top.\debug_instruction [17] is used but has no driver.
Warning: Wire vortex_top.\debug_instruction [16] is used but has no driver.
Warning: Wire vortex_top.\debug_instruction [15] is used but has no driver.
Warning: Wire vortex_top.\debug_instruction [14] is used but has no driver.
Warning: Wire vortex_top.\debug_instruction [13] is used but has no driver.
Warning: Wire vortex_top.\debug_instruction [12] is used but has no driver.
Warning: Wire vortex_top.\debug_instruction [11] is used but has no driver.
Warning: Wire vortex_top.\debug_instruction [10] is used but has no driver.
Warning: Wire vortex_top.\debug_instruction [9] is used but has no driver.
Warning: Wire vortex_top.\debug_instruction [8] is used but has no driver.
Warning: Wire vortex_top.\debug_instruction [7] is used but has no driver.
Warning: Wire vortex_top.\debug_instruction [6] is used but has no driver.
Warning: Wire vortex_top.\debug_instruction [5] is used but has no driver.
Warning: Wire vortex_top.\debug_instruction [4] is used but has no driver.
Warning: Wire vortex_top.\debug_instruction [3] is used but has no driver.
Warning: Wire vortex_top.\debug_instruction [2] is used but has no driver.
Warning: Wire vortex_top.\debug_instruction [1] is used but has no driver.
Warning: Wire vortex_top.\debug_instruction [0] is used but has no driver.
Warning: Wire vortex_top.\debug_alu_result [31] is used but has no driver.
Warning: Wire vortex_top.\debug_alu_result [30] is used but has no driver.
Warning: Wire vortex_top.\debug_alu_result [29] is used but has no driver.
Warning: Wire vortex_top.\debug_alu_result [28] is used but has no driver.
Warning: Wire vortex_top.\debug_alu_result [27] is used but has no driver.
Warning: Wire vortex_top.\debug_alu_result [26] is used but has no driver.
Warning: Wire vortex_top.\debug_alu_result [25] is used but has no driver.
Warning: Wire vortex_top.\debug_alu_result [24] is used but has no driver.
Warning: Wire vortex_top.\debug_alu_result [23] is used but has no driver.
Warning: Wire vortex_top.\debug_alu_result [22] is used but has no driver.
Warning: Wire vortex_top.\debug_alu_result [21] is used but has no driver.
Warning: Wire vortex_top.\debug_alu_result [20] is used but has no driver.
Warning: Wire vortex_top.\debug_alu_result [19] is used but has no driver.
Warning: Wire vortex_top.\debug_alu_result [18] is used but has no driver.
Warning: Wire vortex_top.\debug_alu_result [17] is used but has no driver.
Warning: Wire vortex_top.\debug_alu_result [16] is used but has no driver.
Warning: Wire vortex_top.\debug_alu_result [15] is used but has no driver.
Warning: Wire vortex_top.\debug_alu_result [14] is used but has no driver.
Warning: Wire vortex_top.\debug_alu_result [13] is used but has no driver.
Warning: Wire vortex_top.\debug_alu_result [12] is used but has no driver.
Warning: Wire vortex_top.\debug_alu_result [11] is used but has no driver.
Warning: Wire vortex_top.\debug_alu_result [10] is used but has no driver.
Warning: Wire vortex_top.\debug_alu_result [9] is used but has no driver.
Warning: Wire vortex_top.\debug_alu_result [8] is used but has no driver.
Warning: Wire vortex_top.\debug_alu_result [7] is used but has no driver.
Warning: Wire vortex_top.\debug_alu_result [6] is used but has no driver.
Warning: Wire vortex_top.\debug_alu_result [5] is used but has no driver.
Warning: Wire vortex_top.\debug_alu_result [4] is used but has no driver.
Warning: Wire vortex_top.\debug_alu_result [3] is used but has no driver.
Warning: Wire vortex_top.\debug_alu_result [2] is used but has no driver.
Warning: Wire vortex_top.\debug_alu_result [1] is used but has no driver.
Warning: Wire vortex_top.\debug_alu_result [0] is used but has no driver.
Found and reported 96 problems.
