
36. Executing CHECK pass (checking for obvious problems).
Checking module vortex_top...
Checking module hazard_detection_unit...
Checking module ex_mem_reg...
Checking module if_id_reg...
Checking module mem_wb_reg...
Checking module id_ex_reg...
Checking module wb_stage...
Checking module data_memory...
Checking module mem_stage...
Checking module alu_control...
Checking module ex_stage...
Checking module forwarding_unit...
Checking module alu...
Checking module immediate_generator...
Checking module id_stage...
Checking module control_unit...
Checking module register_file...
Checking module pc...
Checking module if_stage...
Checking module instruction_memory...
Found and reported 0 problems.
