
===========================================================================
report_checks -unconstrained
===========================================================================
======================= Typical Corner ===================================

Startpoint: rst_n (input port clocked by clk)
Endpoint: _148_ (recovery check against rising-edge clock clk)
Path Group: asynchronous
Path Type: max

Fanout     Cap    Slew   Delay    Time   Description
-----------------------------------------------------------------------------
                  0.15    0.00    0.00   clock clk (rise edge)
                          0.00    0.00   clock network delay (ideal)
                          2.00    2.00 ^ input external delay
                  0.49    0.35    2.35 ^ rst_n (in)
    30    0.11                           rst_n (net)
                  0.49    0.00    2.35 ^ _148_/RESET_B (sky130_fd_sc_hd__dfrtp_2)
                                  2.35   data arrival time

                  0.15   10.00   10.00   clock clk (rise edge)
                          0.00   10.00   clock network delay (ideal)
                         -0.25    9.75   clock uncertainty
                          0.00    9.75   clock reconvergence pessimism
                                  9.75 ^ _148_/CLK (sky130_fd_sc_hd__dfrtp_2)
                          0.12    9.87   library recovery time
                                  9.87   data required time
-----------------------------------------------------------------------------
                                  9.87   data required time
                                 -2.35   data arrival time
-----------------------------------------------------------------------------
                                  7.52   slack (MET)


Startpoint: _173_ (rising edge-triggered flip-flop clocked by clk)
Endpoint: _151_ (rising edge-triggered flip-flop clocked by clk)
Path Group: clk
Path Type: max

Fanout     Cap    Slew   Delay    Time   Description
-----------------------------------------------------------------------------
                  0.15    0.00    0.00   clock clk (rise edge)
                          0.00    0.00   clock network delay (ideal)
                  0.15    0.00    0.00 ^ _173_/CLK (sky130_fd_sc_hd__dfrtp_2)
                  0.12    0.54    0.54 v _173_/Q (sky130_fd_sc_hd__dfrtp_2)
     3    0.04                           debug_pc[27] (net)
                  0.12    0.00    0.54 v _076_/A (sky130_fd_sc_hd__or4_2)
                  0.09    0.69    1.23 v _076_/X (sky130_fd_sc_hd__or4_2)
     1    0.00                           _049_ (net)
                  0.09    0.00    1.23 v _079_/B (sky130_fd_sc_hd__or4_2)
                  0.12    0.72    1.95 v _079_/X (sky130_fd_sc_hd__or4_2)
     3    0.01                           _052_ (net)
                  0.12    0.00    1.95 v _089_/C (sky130_fd_sc_hd__or4_2)
                  0.09    0.64    2.59 v _089_/X (sky130_fd_sc_hd__or4_2)
     1    0.00                           _061_ (net)
                  0.09    0.00    2.59 v _090_/A (sky130_fd_sc_hd__buf_1)
                  0.11    0.18    2.78 v _090_/X (sky130_fd_sc_hd__buf_1)
     4    0.02                           _062_ (net)
                  0.11    0.00    2.78 v _095_/S (sky130_fd_sc_hd__mux2_2)
                  0.05    0.30    3.07 v _095_/X (sky130_fd_sc_hd__mux2_2)
     1    0.00                           _065_ (net)
                  0.05    0.00    3.07 v _096_/A (sky130_fd_sc_hd__buf_1)
                  0.02    0.09    3.16 v _096_/X (sky130_fd_sc_hd__buf_1)
     1    0.00                           _003_ (net)
                  0.02    0.00    3.16 v _151_/D (sky130_fd_sc_hd__dfrtp_2)
                                  3.16   data arrival time

                  0.15   10.00   10.00   clock clk (rise edge)
                          0.00   10.00   clock network delay (ideal)
                         -0.25    9.75   clock uncertainty
                          0.00    9.75   clock reconvergence pessimism
                                  9.75 ^ _151_/CLK (sky130_fd_sc_hd__dfrtp_2)
                         -0.08    9.67   library setup time
                                  9.67   data required time
-----------------------------------------------------------------------------
                                  9.67   data required time
                                 -3.16   data arrival time
-----------------------------------------------------------------------------
                                  6.51   slack (MET)




===========================================================================
report_checks --slack_max -0.01
============================================================================
======================= Typical Corner ===================================

No paths found.


===========================================================================
 report_check_types -max_slew -max_cap -max_fanout -violators
============================================================================
======================= Typical Corner ===================================

max fanout

Pin                                   Limit Fanout  Slack
---------------------------------------------------------
rst_n                                    10     30    -20 (VIOLATED)



===========================================================================
report_parasitic_annotation -report_unannotated
============================================================================
Found 238 unannotated drivers.
 clk
 rst_n
 _074_/Y
 _075_/X
 _076_/X
 _077_/X
 _078_/X
 _079_/X
 _080_/X
 _081_/X
 _082_/X
 _083_/X
 _084_/X
 _085_/Y
 _086_/X
 _087_/Y
 _088_/Y
 _089_/X
 _090_/X
 _091_/X
 _092_/Y
 _093_/Y
 _094_/X
 _095_/X
 _096_/X
 _097_/Y
 _098_/X
 _099_/X
 _100_/X
 _101_/X
 _102_/X
 _103_/X
 _104_/X
 _105_/X
 _106_/X
 _107_/X
 _108_/X
 _109_/X
 _110_/X
 _111_/X
 _112_/X
 _113_/X
 _114_/X
 _115_/X
 _116_/X
 _117_/X
 _118_/X
 _119_/X
 _120_/X
 _121_/X
 _122_/X
 _123_/X
 _124_/X
 _125_/X
 _126_/X
 _127_/X
 _128_/X
 _129_/X
 _130_/X
 _131_/X
 _132_/X
 _133_/X
 _134_/X
 _135_/X
 _136_/X
 _137_/X
 _138_/X
 _139_/X
 _140_/X
 _141_/X
 _142_/X
 _143_/X
 _144_/X
 _145_/X
 _146_/X
 _147_/X
 _148_/Q
 _149_/Q
 _150_/Q
 _151_/Q
 _152_/Q
 _153_/Q
 _154_/Q
 _155_/Q
 _156_/Q
 _157_/Q
 _158_/Q
 _159_/Q
 _160_/Q
 _161_/Q
 _162_/Q
 _163_/Q
 _164_/Q
 _165_/Q
 _166_/Q
 _167_/Q
 _168_/Q
 _169_/Q
 _170_/Q
 _171_/Q
 _172_/Q
 _173_/Q
 _174_/Q
 _175_/Q
 _176_/Q
 _177_/Q
 _178_/HI
 _178_/LO
 _179_/HI
 _179_/LO
 _180_/HI
 _180_/LO
 _181_/HI
 _181_/LO
 _182_/HI
 _182_/LO
 _183_/HI
 _183_/LO
 _184_/HI
 _184_/LO
 _185_/HI
 _185_/LO
 _186_/HI
 _186_/LO
 _187_/HI
 _187_/LO
 _188_/HI
 _188_/LO
 _189_/HI
 _189_/LO
 _190_/HI
 _190_/LO
 _191_/HI
 _191_/LO
 _192_/HI
 _192_/LO
 _193_/HI
 _193_/LO
 _194_/HI
 _194_/LO
 _195_/HI
 _195_/LO
 _196_/HI
 _196_/LO
 _197_/HI
 _197_/LO
 _198_/HI
 _198_/LO
 _199_/HI
 _199_/LO
 _200_/HI
 _200_/LO
 _201_/HI
 _201_/LO
 _202_/HI
 _202_/LO
 _203_/HI
 _203_/LO
 _204_/HI
 _204_/LO
 _205_/HI
 _205_/LO
 _206_/HI
 _206_/LO
 _207_/HI
 _207_/LO
 _208_/HI
 _208_/LO
 _209_/HI
 _209_/LO
 _210_/HI
 _210_/LO
 _211_/HI
 _211_/LO
 _212_/HI
 _212_/LO
 _213_/HI
 _213_/LO
 _214_/HI
 _214_/LO
 _215_/HI
 _215_/LO
 _216_/HI
 _216_/LO
 _217_/HI
 _217_/LO
 _218_/HI
 _218_/LO
 _219_/HI
 _219_/LO
 _220_/HI
 _220_/LO
 _221_/HI
 _221_/LO
 _222_/HI
 _222_/LO
 _223_/HI
 _223_/LO
 _224_/HI
 _224_/LO
 _225_/HI
 _225_/LO
 _226_/HI
 _226_/LO
 _227_/HI
 _227_/LO
 _228_/HI
 _228_/LO
 _229_/HI
 _229_/LO
 _230_/HI
 _230_/LO
 _231_/HI
 _231_/LO
 _232_/HI
 _232_/LO
 _233_/HI
 _233_/LO
 _234_/HI
 _234_/LO
 _235_/HI
 _235_/LO
 _236_/HI
 _236_/LO
 _237_/HI
 _237_/LO
 _238_/HI
 _238_/LO
 _239_/HI
 _239_/LO
 _240_/HI
 _240_/LO
 _241_/HI
 _241_/LO
 _242_/HI
 _242_/LO
 _243_/HI
 _243_/LO
Found 0 partially unannotated drivers.

===========================================================================
max slew violation count 0
max fanout violation count 1
max cap violation count 0
============================================================================

===========================================================================
check_setup -verbose -unconstrained_endpoints -multiple_clock -no_clock -no_input_delay -loops -generated_clocks
===========================================================================
Warning: There are 66 unconstrained endpoints.
  debug_alu_result[0]
  debug_alu_result[10]
  debug_alu_result[11]
  debug_alu_result[12]
  debug_alu_result[13]
  debug_alu_result[14]
  debug_alu_result[15]
  debug_alu_result[16]
  debug_alu_result[17]
  debug_alu_result[18]
  debug_alu_result[19]
  debug_alu_result[1]
  debug_alu_result[20]
  debug_alu_result[21]
  debug_alu_result[22]
  debug_alu_result[23]
  debug_alu_result[24]
  debug_alu_result[25]
  debug_alu_result[26]
  debug_alu_result[27]
  debug_alu_result[28]
  debug_alu_result[29]
  debug_alu_result[2]
  debug_alu_result[30]
  debug_alu_result[31]
  debug_alu_result[3]
  debug_alu_result[4]
  debug_alu_result[5]
  debug_alu_result[6]
  debug_alu_result[7]
  debug_alu_result[8]
  debug_alu_result[9]
  debug_instruction[0]
  debug_instruction[10]
  debug_instruction[11]
  debug_instruction[12]
  debug_instruction[13]
  debug_instruction[14]
  debug_instruction[15]
  debug_instruction[16]
  debug_instruction[17]
  debug_instruction[18]
  debug_instruction[19]
  debug_instruction[1]
  debug_instruction[20]
  debug_instruction[21]
  debug_instruction[22]
  debug_instruction[23]
  debug_instruction[24]
  debug_instruction[25]
  debug_instruction[26]
  debug_instruction[27]
  debug_instruction[28]
  debug_instruction[29]
  debug_instruction[2]
  debug_instruction[30]
  debug_instruction[31]
  debug_instruction[3]
  debug_instruction[4]
  debug_instruction[5]
  debug_instruction[6]
  debug_instruction[7]
  debug_instruction[8]
  debug_instruction[9]
  debug_pc[0]
  debug_pc[1]
