
===========================================================================
report_checks -unconstrained
===========================================================================
======================= Typical Corner ===================================

Startpoint: rst_n (input port clocked by clk)
Endpoint: _161_ (recovery check against rising-edge clock clk)
Path Group: asynchronous
Path Type: max

Fanout     Cap    Slew   Delay    Time   Description
-----------------------------------------------------------------------------
                  0.15    0.00    0.00   clock clk (rise edge)
                          0.00    0.00   clock network delay (ideal)
                          2.00    2.00 ^ input external delay
                  0.02    0.01    2.01 ^ rst_n (in)
     1    0.00                           rst_n (net)
                  0.02    0.00    2.01 ^ input1/A (sky130_fd_sc_hd__clkbuf_1)
                  0.05    0.08    2.09 ^ input1/X (sky130_fd_sc_hd__clkbuf_1)
     1    0.00                           net1 (net)
                  0.05    0.00    2.09 ^ fanout35/A (sky130_fd_sc_hd__clkbuf_2)
                  0.11    0.16    2.25 ^ fanout35/X (sky130_fd_sc_hd__clkbuf_2)
     5    0.02                           net35 (net)
                  0.11    0.00    2.25 ^ fanout34/A (sky130_fd_sc_hd__clkbuf_4)
                  0.14    0.24    2.49 ^ fanout34/X (sky130_fd_sc_hd__clkbuf_4)
    10    0.04                           net34 (net)
                  0.14    0.00    2.49 ^ _161_/RESET_B (sky130_fd_sc_hd__dfrtp_1)
                                  2.49   data arrival time

                  0.15   10.00   10.00   clock clk (rise edge)
                          0.00   10.00   clock network delay (ideal)
                         -0.25    9.75   clock uncertainty
                          0.00    9.75   clock reconvergence pessimism
                                  9.75 ^ _161_/CLK (sky130_fd_sc_hd__dfrtp_1)
                          0.24    9.99   library recovery time
                                  9.99   data required time
-----------------------------------------------------------------------------
                                  9.99   data required time
                                 -2.49   data arrival time
-----------------------------------------------------------------------------
                                  7.50   slack (MET)


Startpoint: _173_ (rising edge-triggered flip-flop clocked by clk)
Endpoint: _151_ (rising edge-triggered flip-flop clocked by clk)
Path Group: clk
Path Type: max

Fanout     Cap    Slew   Delay    Time   Description
-----------------------------------------------------------------------------
                  0.15    0.00    0.00   clock clk (rise edge)
                          0.00    0.00   clock network delay (ideal)
                  0.15    0.00    0.00 ^ _173_/CLK (sky130_fd_sc_hd__dfrtp_1)
                  0.06    0.43    0.43 v _173_/Q (sky130_fd_sc_hd__dfrtp_1)
     3    0.01                           net19 (net)
                  0.06    0.00    0.43 v _076_/A (sky130_fd_sc_hd__or4_1)
                  0.09    0.55    0.98 v _076_/X (sky130_fd_sc_hd__or4_1)
     1    0.00                           _049_ (net)
                  0.09    0.00    0.98 v _079_/B (sky130_fd_sc_hd__or4_1)
                  0.11    0.57    1.55 v _079_/X (sky130_fd_sc_hd__or4_1)
     3    0.01                           _052_ (net)
                  0.11    0.00    1.55 v _089_/C (sky130_fd_sc_hd__or4_1)
                  0.08    0.50    2.05 v _089_/X (sky130_fd_sc_hd__or4_1)
     1    0.00                           _061_ (net)
                  0.08    0.00    2.05 v _090_/A (sky130_fd_sc_hd__buf_1)
                  0.08    0.16    2.21 v _090_/X (sky130_fd_sc_hd__buf_1)
     4    0.01                           _062_ (net)
                  0.08    0.00    2.21 v _095_/S (sky130_fd_sc_hd__mux2_1)
                  0.05    0.33    2.53 v _095_/X (sky130_fd_sc_hd__mux2_1)
     1    0.00                           _065_ (net)
                  0.05    0.00    2.53 v _096_/A (sky130_fd_sc_hd__clkbuf_1)
                  0.02    0.09    2.62 v _096_/X (sky130_fd_sc_hd__clkbuf_1)
     1    0.00                           _003_ (net)
                  0.02    0.00    2.62 v _151_/D (sky130_fd_sc_hd__dfrtp_1)
                                  2.62   data arrival time

                  0.15   10.00   10.00   clock clk (rise edge)
                          0.00   10.00   clock network delay (ideal)
                         -0.25    9.75   clock uncertainty
                          0.00    9.75   clock reconvergence pessimism
                                  9.75 ^ _151_/CLK (sky130_fd_sc_hd__dfrtp_1)
                         -0.08    9.67   library setup time
                                  9.67   data required time
-----------------------------------------------------------------------------
                                  9.67   data required time
                                 -2.62   data arrival time
-----------------------------------------------------------------------------
                                  7.04   slack (MET)




===========================================================================
report_checks --slack_max -0.01
============================================================================
======================= Typical Corner ===================================

No paths found.


===========================================================================
 report_check_types -max_slew -max_cap -max_fanout -violators
============================================================================
======================= Typical Corner ===================================



===========================================================================
report_parasitic_annotation -report_unannotated
============================================================================
Found 273 unannotated drivers.
 clk
 rst_n
 _074_/Y
 _075_/X
 _076_/X
 _077_/X
 _078_/X
 _079_/X
 _080_/X
 _081_/X
 _082_/X
 _083_/X
 _084_/X
 _085_/Y
 _086_/X
 _087_/Y
 _088_/Y
 _089_/X
 _090_/X
 _091_/X
 _092_/Y
 _093_/Y
 _094_/X
 _095_/X
 _096_/X
 _097_/Y
 _098_/X
 _099_/X
 _100_/X
 _101_/X
 _102_/X
 _103_/X
 _104_/X
 _105_/X
 _106_/X
 _107_/X
 _108_/X
 _109_/X
 _110_/X
 _111_/X
 _112_/X
 _113_/X
 _114_/X
 _115_/X
 _116_/X
 _117_/X
 _118_/X
 _119_/X
 _120_/X
 _121_/X
 _122_/X
 _123_/X
 _124_/X
 _125_/X
 _126_/X
 _127_/X
 _128_/X
 _129_/X
 _130_/X
 _131_/X
 _132_/X
 _133_/X
 _134_/X
 _135_/X
 _136_/X
 _137_/X
 _138_/X
 _139_/X
 _140_/X
 _141_/X
 _142_/X
 _143_/X
 _144_/X
 _145_/X
 _146_/X
 _147_/X
 _148_/Q
 _149_/Q
 _150_/Q
 _151_/Q
 _152_/Q
 _153_/Q
 _154_/Q
 _155_/Q
 _156_/Q
 _157_/Q
 _158_/Q
 _159_/Q
 _160_/Q
 _161_/Q
 _162_/Q
 _163_/Q
 _164_/Q
 _165_/Q
 _166_/Q
 _167_/Q
 _168_/Q
 _169_/Q
 _170_/Q
 _171_/Q
 _172_/Q
 _173_/Q
 _174_/Q
 _175_/Q
 _176_/Q
 _177_/Q
 fanout32/X
 fanout33/X
 fanout34/X
 fanout35/X
 input1/X
 output10/X
 output11/X
 output12/X
 output13/X
 output14/X
 output15/X
 output16/X
 output17/X
 output18/X
 output19/X
 output2/X
 output20/X
 output21/X
 output22/X
 output23/X
 output24/X
 output25/X
 output26/X
 output27/X
 output28/X
 output29/X
 output3/X
 output30/X
 output31/X
 output4/X
 output5/X
 output6/X
 output7/X
 output8/X
 output9/X
 vortex_top_100/HI
 vortex_top_100/LO
 vortex_top_101/HI
 vortex_top_101/LO
 vortex_top_36/HI
 vortex_top_36/LO
 vortex_top_37/HI
 vortex_top_37/LO
 vortex_top_38/HI
 vortex_top_38/LO
 vortex_top_39/HI
 vortex_top_39/LO
 vortex_top_40/HI
 vortex_top_40/LO
 vortex_top_41/HI
 vortex_top_41/LO
 vortex_top_42/HI
 vortex_top_42/LO
 vortex_top_43/HI
 vortex_top_43/LO
 vortex_top_44/HI
 vortex_top_44/LO
 vortex_top_45/HI
 vortex_top_45/LO
 vortex_top_46/HI
 vortex_top_46/LO
 vortex_top_47/HI
 vortex_top_47/LO
 vortex_top_48/HI
 vortex_top_48/LO
 vortex_top_49/HI
 vortex_top_49/LO
 vortex_top_50/HI
 vortex_top_50/LO
 vortex_top_51/HI
 vortex_top_51/LO
 vortex_top_52/HI
 vortex_top_52/LO
 vortex_top_53/HI
 vortex_top_53/LO
 vortex_top_54/HI
 vortex_top_54/LO
 vortex_top_55/HI
 vortex_top_55/LO
 vortex_top_56/HI
 vortex_top_56/LO
 vortex_top_57/HI
 vortex_top_57/LO
 vortex_top_58/HI
 vortex_top_58/LO
 vortex_top_59/HI
 vortex_top_59/LO
 vortex_top_60/HI
 vortex_top_60/LO
 vortex_top_61/HI
 vortex_top_61/LO
 vortex_top_62/HI
 vortex_top_62/LO
 vortex_top_63/HI
 vortex_top_63/LO
 vortex_top_64/HI
 vortex_top_64/LO
 vortex_top_65/HI
 vortex_top_65/LO
 vortex_top_66/HI
 vortex_top_66/LO
 vortex_top_67/HI
 vortex_top_67/LO
 vortex_top_68/HI
 vortex_top_68/LO
 vortex_top_69/HI
 vortex_top_69/LO
 vortex_top_70/HI
 vortex_top_70/LO
 vortex_top_71/HI
 vortex_top_71/LO
 vortex_top_72/HI
 vortex_top_72/LO
 vortex_top_73/HI
 vortex_top_73/LO
 vortex_top_74/HI
 vortex_top_74/LO
 vortex_top_75/HI
 vortex_top_75/LO
 vortex_top_76/HI
 vortex_top_76/LO
 vortex_top_77/HI
 vortex_top_77/LO
 vortex_top_78/HI
 vortex_top_78/LO
 vortex_top_79/HI
 vortex_top_79/LO
 vortex_top_80/HI
 vortex_top_80/LO
 vortex_top_81/HI
 vortex_top_81/LO
 vortex_top_82/HI
 vortex_top_82/LO
 vortex_top_83/HI
 vortex_top_83/LO
 vortex_top_84/HI
 vortex_top_84/LO
 vortex_top_85/HI
 vortex_top_85/LO
 vortex_top_86/HI
 vortex_top_86/LO
 vortex_top_87/HI
 vortex_top_87/LO
 vortex_top_88/HI
 vortex_top_88/LO
 vortex_top_89/HI
 vortex_top_89/LO
 vortex_top_90/HI
 vortex_top_90/LO
 vortex_top_91/HI
 vortex_top_91/LO
 vortex_top_92/HI
 vortex_top_92/LO
 vortex_top_93/HI
 vortex_top_93/LO
 vortex_top_94/HI
 vortex_top_94/LO
 vortex_top_95/HI
 vortex_top_95/LO
 vortex_top_96/HI
 vortex_top_96/LO
 vortex_top_97/HI
 vortex_top_97/LO
 vortex_top_98/HI
 vortex_top_98/LO
 vortex_top_99/HI
 vortex_top_99/LO
Found 0 partially unannotated drivers.

===========================================================================
max slew violation count 0
max fanout violation count 0
max cap violation count 0
============================================================================

===========================================================================
check_setup -verbose -unconstrained_endpoints -multiple_clock -no_clock -no_input_delay -loops -generated_clocks
===========================================================================
Warning: There are 66 unconstrained endpoints.
  debug_alu_result[0]
  debug_alu_result[10]
  debug_alu_result[11]
  debug_alu_result[12]
  debug_alu_result[13]
  debug_alu_result[14]
  debug_alu_result[15]
  debug_alu_result[16]
  debug_alu_result[17]
  debug_alu_result[18]
  debug_alu_result[19]
  debug_alu_result[1]
  debug_alu_result[20]
  debug_alu_result[21]
  debug_alu_result[22]
  debug_alu_result[23]
  debug_alu_result[24]
  debug_alu_result[25]
  debug_alu_result[26]
  debug_alu_result[27]
  debug_alu_result[28]
  debug_alu_result[29]
  debug_alu_result[2]
  debug_alu_result[30]
  debug_alu_result[31]
  debug_alu_result[3]
  debug_alu_result[4]
  debug_alu_result[5]
  debug_alu_result[6]
  debug_alu_result[7]
  debug_alu_result[8]
  debug_alu_result[9]
  debug_instruction[0]
  debug_instruction[10]
  debug_instruction[11]
  debug_instruction[12]
  debug_instruction[13]
  debug_instruction[14]
  debug_instruction[15]
  debug_instruction[16]
  debug_instruction[17]
  debug_instruction[18]
  debug_instruction[19]
  debug_instruction[1]
  debug_instruction[20]
  debug_instruction[21]
  debug_instruction[22]
  debug_instruction[23]
  debug_instruction[24]
  debug_instruction[25]
  debug_instruction[26]
  debug_instruction[27]
  debug_instruction[28]
  debug_instruction[29]
  debug_instruction[2]
  debug_instruction[30]
  debug_instruction[31]
  debug_instruction[3]
  debug_instruction[4]
  debug_instruction[5]
  debug_instruction[6]
  debug_instruction[7]
  debug_instruction[8]
  debug_instruction[9]
  debug_pc[0]
  debug_pc[1]
