
===========================================================================
 report_power
============================================================================
======================= Fastest Corner ===================================

Group                  Internal  Switching    Leakage      Total
                          Power      Power      Power      Power (Watts)
----------------------------------------------------------------
Sequential             1.47e-04   6.54e-06   1.42e-07   1.53e-04  43.4%
Combinational          1.21e-04   7.93e-05   2.18e-09   2.00e-04  56.6%
Macro                  0.00e+00   0.00e+00   0.00e+00   0.00e+00   0.0%
Pad                    0.00e+00   0.00e+00   0.00e+00   0.00e+00   0.0%
----------------------------------------------------------------
Total                  2.68e-04   8.58e-05   1.44e-07   3.54e-04 100.0%
                          75.7%      24.2%       0.0%

======================= Slowest Corner ===================================

Group                  Internal  Switching    Leakage      Total
                          Power      Power      Power      Power (Watts)
----------------------------------------------------------------
Sequential             9.76e-05   4.25e-06   5.65e-07   1.02e-04  42.5%
Combinational          8.62e-05   5.15e-05   7.61e-07   1.39e-04  57.5%
Macro                  0.00e+00   0.00e+00   0.00e+00   0.00e+00   0.0%
Pad                    0.00e+00   0.00e+00   0.00e+00   0.00e+00   0.0%
----------------------------------------------------------------
Total                  1.84e-04   5.58e-05   1.33e-06   2.41e-04 100.0%
                          76.3%      23.2%       0.6%

======================= Typical Corner ===================================

Group                  Internal  Switching    Leakage      Total
                          Power      Power      Power      Power (Watts)
----------------------------------------------------------------
Sequential             1.26e-04   5.46e-06   1.42e-07   1.32e-04  43.3%
Combinational          1.06e-04   6.66e-05   1.05e-09   1.73e-04  56.7%
Macro                  0.00e+00   0.00e+00   0.00e+00   0.00e+00   0.0%
Pad                    0.00e+00   0.00e+00   0.00e+00   0.00e+00   0.0%
----------------------------------------------------------------
Total                  2.32e-04   7.20e-05   1.43e-07   3.04e-04 100.0%
                          76.3%      23.7%       0.0%

