
===========================================================================
report_checks -unconstrained
===========================================================================
======================= Fastest Corner ===================================

Startpoint: rst_n (input port clocked by clk)
Endpoint: _166_ (recovery check against rising-edge clock clk)
Path Group: asynchronous
Path Type: max
Corner: Fastest

Fanout     Cap    Slew   Delay    Time   Description
-----------------------------------------------------------------------------
                          0.00    0.00   clock clk (rise edge)
                          0.00    0.00   clock network delay (propagated)
                          2.00    2.00 ^ input external delay
                  0.01    0.01    2.01 ^ rst_n (in)
     1    0.00                           rst_n (net)
                  0.01    0.00    2.01 ^ input1/A (sky130_fd_sc_hd__clkbuf_1)
                  0.04    0.06    2.06 ^ input1/X (sky130_fd_sc_hd__clkbuf_1)
     1    0.00                           net1 (net)
                  0.04    0.00    2.06 ^ fanout35/A (sky130_fd_sc_hd__clkbuf_2)
                  0.11    0.13    2.19 ^ fanout35/X (sky130_fd_sc_hd__clkbuf_2)
     5    0.02                           net35 (net)
                  0.11    0.00    2.19 ^ fanout33/A (sky130_fd_sc_hd__buf_2)
                  0.15    0.17    2.37 ^ fanout33/X (sky130_fd_sc_hd__buf_2)
     8    0.04                           net33 (net)
                  0.15    0.00    2.37 ^ _166_/RESET_B (sky130_fd_sc_hd__dfrtp_1)
                                  2.37   data arrival time

                         10.00   10.00   clock clk (rise edge)
                          0.00   10.00   clock source latency
                  0.06    0.04   10.04 ^ clk (in)
     1    0.02                           clk (net)
                  0.06    0.00   10.04 ^ clkbuf_0_clk/A (sky130_fd_sc_hd__clkbuf_16)
                  0.05    0.10   10.14 ^ clkbuf_0_clk/X (sky130_fd_sc_hd__clkbuf_16)
     4    0.04                           clknet_0_clk (net)
                  0.05    0.00   10.14 ^ clkbuf_2_1__f_clk/A (sky130_fd_sc_hd__clkbuf_16)
                  0.03    0.09   10.23 ^ clkbuf_2_1__f_clk/X (sky130_fd_sc_hd__clkbuf_16)
     8    0.02                           clknet_2_1__leaf_clk (net)
                  0.03    0.00   10.23 ^ _166_/CLK (sky130_fd_sc_hd__dfrtp_1)
                         -0.25    9.98   clock uncertainty
                          0.00    9.98   clock reconvergence pessimism
                          0.12   10.10   library recovery time
                                 10.10   data required time
-----------------------------------------------------------------------------
                                 10.10   data required time
                                 -2.37   data arrival time
-----------------------------------------------------------------------------
                                  7.73   slack (MET)


Startpoint: _167_ (rising edge-triggered flip-flop clocked by clk)
Endpoint: debug_pc[21] (output port clocked by clk)
Path Group: clk
Path Type: max
Corner: Fastest

Fanout     Cap    Slew   Delay    Time   Description
-----------------------------------------------------------------------------
                          0.00    0.00   clock clk (rise edge)
                          0.00    0.00   clock source latency
                  0.06    0.04    0.04 ^ clk (in)
     1    0.02                           clk (net)
                  0.06    0.00    0.04 ^ clkbuf_0_clk/A (sky130_fd_sc_hd__clkbuf_16)
                  0.05    0.11    0.15 ^ clkbuf_0_clk/X (sky130_fd_sc_hd__clkbuf_16)
     4    0.04                           clknet_0_clk (net)
                  0.05    0.00    0.16 ^ clkbuf_2_3__f_clk/A (sky130_fd_sc_hd__clkbuf_16)
                  0.03    0.10    0.25 ^ clkbuf_2_3__f_clk/X (sky130_fd_sc_hd__clkbuf_16)
     8    0.03                           clknet_2_3__leaf_clk (net)
                  0.03    0.00    0.26 ^ _167_/CLK (sky130_fd_sc_hd__dfrtp_1)
                  0.13    0.29    0.54 ^ _167_/Q (sky130_fd_sc_hd__dfrtp_1)
     3    0.02                           net13 (net)
                  0.13    0.00    0.54 ^ output13/A (sky130_fd_sc_hd__clkbuf_4)
                  0.08    0.16    0.70 ^ output13/X (sky130_fd_sc_hd__clkbuf_4)
     1    0.03                           debug_pc[21] (net)
                  0.09    0.00    0.70 ^ debug_pc[21] (out)
                                  0.70   data arrival time

                         10.00   10.00   clock clk (rise edge)
                          0.00   10.00   clock network delay (propagated)
                         -0.25    9.75   clock uncertainty
                          0.00    9.75   clock reconvergence pessimism
                         -2.00    7.75   output external delay
                                  7.75   data required time
-----------------------------------------------------------------------------
                                  7.75   data required time
                                 -0.70   data arrival time
-----------------------------------------------------------------------------
                                  7.05   slack (MET)



======================= Slowest Corner ===================================

Startpoint: rst_n (input port clocked by clk)
Endpoint: _166_ (recovery check against rising-edge clock clk)
Path Group: asynchronous
Path Type: max
Corner: Slowest

Fanout     Cap    Slew   Delay    Time   Description
-----------------------------------------------------------------------------
                          0.00    0.00   clock clk (rise edge)
                          0.00    0.00   clock network delay (propagated)
                          2.00    2.00 ^ input external delay
                  0.03    0.02    2.02 ^ rst_n (in)
     1    0.00                           rst_n (net)
                  0.03    0.00    2.02 ^ input1/A (sky130_fd_sc_hd__clkbuf_1)
                  0.09    0.15    2.17 ^ input1/X (sky130_fd_sc_hd__clkbuf_1)
     1    0.00                           net1 (net)
                  0.09    0.00    2.17 ^ fanout35/A (sky130_fd_sc_hd__clkbuf_2)
                  0.21    0.31    2.48 ^ fanout35/X (sky130_fd_sc_hd__clkbuf_2)
     5    0.02                           net35 (net)
                  0.21    0.00    2.48 ^ fanout33/A (sky130_fd_sc_hd__buf_2)
                  0.29    0.44    2.92 ^ fanout33/X (sky130_fd_sc_hd__buf_2)
     8    0.04                           net33 (net)
                  0.29    0.00    2.93 ^ _166_/RESET_B (sky130_fd_sc_hd__dfrtp_1)
                                  2.93   data arrival time

                         10.00   10.00   clock clk (rise edge)
                          0.00   10.00   clock source latency
                  0.13    0.08   10.08 ^ clk (in)
     1    0.02                           clk (net)
                  0.13    0.00   10.08 ^ clkbuf_0_clk/A (sky130_fd_sc_hd__clkbuf_16)
                  0.10    0.26   10.35 ^ clkbuf_0_clk/X (sky130_fd_sc_hd__clkbuf_16)
     4    0.04                           clknet_0_clk (net)
                  0.10    0.00   10.35 ^ clkbuf_2_1__f_clk/A (sky130_fd_sc_hd__clkbuf_16)
                  0.07    0.22   10.57 ^ clkbuf_2_1__f_clk/X (sky130_fd_sc_hd__clkbuf_16)
     8    0.02                           clknet_2_1__leaf_clk (net)
                  0.07    0.00   10.57 ^ _166_/CLK (sky130_fd_sc_hd__dfrtp_1)
                         -0.25   10.32   clock uncertainty
                          0.00   10.32   clock reconvergence pessimism
                          0.38   10.71   library recovery time
                                 10.71   data required time
-----------------------------------------------------------------------------
                                 10.71   data required time
                                 -2.93   data arrival time
-----------------------------------------------------------------------------
                                  7.78   slack (MET)


Startpoint: _173_ (rising edge-triggered flip-flop clocked by clk)
Endpoint: _152_ (rising edge-triggered flip-flop clocked by clk)
Path Group: clk
Path Type: max
Corner: Slowest

Fanout     Cap    Slew   Delay    Time   Description
-----------------------------------------------------------------------------
                          0.00    0.00   clock clk (rise edge)
                          0.00    0.00   clock source latency
                  0.13    0.09    0.09 ^ clk (in)
     1    0.02                           clk (net)
                  0.13    0.00    0.09 ^ clkbuf_0_clk/A (sky130_fd_sc_hd__clkbuf_16)
                  0.10    0.29    0.38 ^ clkbuf_0_clk/X (sky130_fd_sc_hd__clkbuf_16)
     4    0.04                           clknet_0_clk (net)
                  0.10    0.00    0.39 ^ clkbuf_2_0__f_clk/A (sky130_fd_sc_hd__clkbuf_16)
                  0.07    0.25    0.64 ^ clkbuf_2_0__f_clk/X (sky130_fd_sc_hd__clkbuf_16)
     8    0.02                           clknet_2_0__leaf_clk (net)
                  0.07    0.00    0.64 ^ _173_/CLK (sky130_fd_sc_hd__dfrtp_1)
                  0.12    0.83    1.46 v _173_/Q (sky130_fd_sc_hd__dfrtp_1)
     3    0.01                           net19 (net)
                  0.12    0.00    1.46 v _076_/A (sky130_fd_sc_hd__or4_1)
                  0.21    1.35    2.81 v _076_/X (sky130_fd_sc_hd__or4_1)
     1    0.01                           _049_ (net)
                  0.21    0.00    2.81 v _079_/B (sky130_fd_sc_hd__or4_1)
                  0.25    1.40    4.22 v _079_/X (sky130_fd_sc_hd__or4_1)
     3    0.01                           _052_ (net)
                  0.25    0.00    4.22 v _089_/C (sky130_fd_sc_hd__or4_1)
                  0.17    1.20    5.42 v _089_/X (sky130_fd_sc_hd__or4_1)
     1    0.00                           _061_ (net)
                  0.17    0.00    5.42 v _090_/A (sky130_fd_sc_hd__buf_1)
                  0.17    0.32    5.74 v _090_/X (sky130_fd_sc_hd__buf_1)
     4    0.01                           _062_ (net)
                  0.17    0.00    5.74 v _097_/A1 (sky130_fd_sc_hd__o21bai_1)
                  0.19    0.29    6.03 ^ _097_/Y (sky130_fd_sc_hd__o21bai_1)
     1    0.00                           _004_ (net)
                  0.19    0.00    6.03 ^ hold2/A (sky130_fd_sc_hd__dlygate4sd3_1)
                  0.10    1.15    7.18 ^ hold2/X (sky130_fd_sc_hd__dlygate4sd3_1)
     1    0.00                           net103 (net)
                  0.10    0.00    7.18 ^ _152_/D (sky130_fd_sc_hd__dfrtp_1)
                                  7.18   data arrival time

                         10.00   10.00   clock clk (rise edge)
                          0.00   10.00   clock source latency
                  0.13    0.08   10.08 ^ clk (in)
     1    0.02                           clk (net)
                  0.13    0.00   10.08 ^ clkbuf_0_clk/A (sky130_fd_sc_hd__clkbuf_16)
                  0.10    0.26   10.35 ^ clkbuf_0_clk/X (sky130_fd_sc_hd__clkbuf_16)
     4    0.04                           clknet_0_clk (net)
                  0.10    0.00   10.35 ^ clkbuf_2_3__f_clk/A (sky130_fd_sc_hd__clkbuf_16)
                  0.07    0.23   10.57 ^ clkbuf_2_3__f_clk/X (sky130_fd_sc_hd__clkbuf_16)
     8    0.02                           clknet_2_3__leaf_clk (net)
                  0.07    0.00   10.58 ^ _152_/CLK (sky130_fd_sc_hd__dfrtp_1)
                         -0.25   10.33   clock uncertainty
                          0.04   10.36   clock reconvergence pessimism
                         -0.14   10.22   library setup time
                                 10.22   data required time
-----------------------------------------------------------------------------
                                 10.22   data required time
                                 -7.18   data arrival time
-----------------------------------------------------------------------------
                                  3.04   slack (MET)



======================= Typical Corner ===================================

Startpoint: rst_n (input port clocked by clk)
Endpoint: _166_ (recovery check against rising-edge clock clk)
Path Group: asynchronous
Path Type: max
Corner: Typical

Fanout     Cap    Slew   Delay    Time   Description
-----------------------------------------------------------------------------
                          0.00    0.00   clock clk (rise edge)
                          0.00    0.00   clock network delay (propagated)
                          2.00    2.00 ^ input external delay
                  0.02    0.01    2.01 ^ rst_n (in)
     1    0.00                           rst_n (net)
                  0.02    0.00    2.01 ^ input1/A (sky130_fd_sc_hd__clkbuf_1)
                  0.05    0.08    2.09 ^ input1/X (sky130_fd_sc_hd__clkbuf_1)
     1    0.00                           net1 (net)
                  0.05    0.00    2.09 ^ fanout35/A (sky130_fd_sc_hd__clkbuf_2)
                  0.14    0.18    2.28 ^ fanout35/X (sky130_fd_sc_hd__clkbuf_2)
     5    0.02                           net35 (net)
                  0.14    0.00    2.28 ^ fanout33/A (sky130_fd_sc_hd__buf_2)
                  0.19    0.26    2.53 ^ fanout33/X (sky130_fd_sc_hd__buf_2)
     8    0.04                           net33 (net)
                  0.19    0.00    2.54 ^ _166_/RESET_B (sky130_fd_sc_hd__dfrtp_1)
                                  2.54   data arrival time

                         10.00   10.00   clock clk (rise edge)
                          0.00   10.00   clock source latency
                  0.08    0.05   10.05 ^ clk (in)
     1    0.02                           clk (net)
                  0.08    0.00   10.05 ^ clkbuf_0_clk/A (sky130_fd_sc_hd__clkbuf_16)
                  0.06    0.15   10.20 ^ clkbuf_0_clk/X (sky130_fd_sc_hd__clkbuf_16)
     4    0.04                           clknet_0_clk (net)
                  0.06    0.00   10.20 ^ clkbuf_2_1__f_clk/A (sky130_fd_sc_hd__clkbuf_16)
                  0.04    0.13   10.33 ^ clkbuf_2_1__f_clk/X (sky130_fd_sc_hd__clkbuf_16)
     8    0.02                           clknet_2_1__leaf_clk (net)
                  0.04    0.00   10.33 ^ _166_/CLK (sky130_fd_sc_hd__dfrtp_1)
                         -0.25   10.08   clock uncertainty
                          0.00   10.08   clock reconvergence pessimism
                          0.19   10.27   library recovery time
                                 10.27   data required time
-----------------------------------------------------------------------------
                                 10.27   data required time
                                 -2.54   data arrival time
-----------------------------------------------------------------------------
                                  7.74   slack (MET)


Startpoint: _173_ (rising edge-triggered flip-flop clocked by clk)
Endpoint: _152_ (rising edge-triggered flip-flop clocked by clk)
Path Group: clk
Path Type: max
Corner: Typical

Fanout     Cap    Slew   Delay    Time   Description
-----------------------------------------------------------------------------
                          0.00    0.00   clock clk (rise edge)
                          0.00    0.00   clock source latency
                  0.08    0.06    0.06 ^ clk (in)
     1    0.02                           clk (net)
                  0.08    0.00    0.06 ^ clkbuf_0_clk/A (sky130_fd_sc_hd__clkbuf_16)
                  0.06    0.16    0.22 ^ clkbuf_0_clk/X (sky130_fd_sc_hd__clkbuf_16)
     4    0.04                           clknet_0_clk (net)
                  0.06    0.00    0.23 ^ clkbuf_2_0__f_clk/A (sky130_fd_sc_hd__clkbuf_16)
                  0.05    0.14    0.37 ^ clkbuf_2_0__f_clk/X (sky130_fd_sc_hd__clkbuf_16)
     8    0.02                           clknet_2_0__leaf_clk (net)
                  0.05    0.00    0.37 ^ _173_/CLK (sky130_fd_sc_hd__dfrtp_1)
                  0.06    0.40    0.77 v _173_/Q (sky130_fd_sc_hd__dfrtp_1)
     3    0.01                           net19 (net)
                  0.06    0.00    0.77 v _076_/A (sky130_fd_sc_hd__or4_1)
                  0.10    0.57    1.35 v _076_/X (sky130_fd_sc_hd__or4_1)
     1    0.01                           _049_ (net)
                  0.10    0.00    1.35 v _079_/B (sky130_fd_sc_hd__or4_1)
                  0.12    0.60    1.95 v _079_/X (sky130_fd_sc_hd__or4_1)
     3    0.01                           _052_ (net)
                  0.12    0.00    1.95 v _089_/C (sky130_fd_sc_hd__or4_1)
                  0.08    0.50    2.45 v _089_/X (sky130_fd_sc_hd__or4_1)
     1    0.00                           _061_ (net)
                  0.08    0.00    2.45 v _090_/A (sky130_fd_sc_hd__buf_1)
                  0.09    0.16    2.61 v _090_/X (sky130_fd_sc_hd__buf_1)
     4    0.01                           _062_ (net)
                  0.09    0.00    2.61 v _097_/A1 (sky130_fd_sc_hd__o21bai_1)
                  0.11    0.16    2.77 ^ _097_/Y (sky130_fd_sc_hd__o21bai_1)
     1    0.00                           _004_ (net)
                  0.11    0.00    2.78 ^ hold2/A (sky130_fd_sc_hd__dlygate4sd3_1)
                  0.06    0.59    3.36 ^ hold2/X (sky130_fd_sc_hd__dlygate4sd3_1)
     1    0.00                           net103 (net)
                  0.06    0.00    3.36 ^ _152_/D (sky130_fd_sc_hd__dfrtp_1)
                                  3.36   data arrival time

                         10.00   10.00   clock clk (rise edge)
                          0.00   10.00   clock source latency
                  0.08    0.05   10.05 ^ clk (in)
     1    0.02                           clk (net)
                  0.08    0.00   10.05 ^ clkbuf_0_clk/A (sky130_fd_sc_hd__clkbuf_16)
                  0.06    0.15   10.20 ^ clkbuf_0_clk/X (sky130_fd_sc_hd__clkbuf_16)
     4    0.04                           clknet_0_clk (net)
                  0.06    0.00   10.20 ^ clkbuf_2_3__f_clk/A (sky130_fd_sc_hd__clkbuf_16)
                  0.05    0.13   10.33 ^ clkbuf_2_3__f_clk/X (sky130_fd_sc_hd__clkbuf_16)
     8    0.02                           clknet_2_3__leaf_clk (net)
                  0.05    0.00   10.33 ^ _152_/CLK (sky130_fd_sc_hd__dfrtp_1)
                         -0.25   10.08   clock uncertainty
                          0.02   10.10   clock reconvergence pessimism
                         -0.06   10.04   library setup time
                                 10.04   data required time
-----------------------------------------------------------------------------
                                 10.04   data required time
                                 -3.36   data arrival time
-----------------------------------------------------------------------------
                                  6.68   slack (MET)




===========================================================================
report_checks --slack_max -0.01
============================================================================
======================= Fastest Corner ===================================

No paths found.

======================= Slowest Corner ===================================

No paths found.

======================= Typical Corner ===================================

No paths found.


===========================================================================
 report_check_types -max_slew -max_cap -max_fanout -violators
============================================================================
======================= Fastest Corner ===================================


======================= Slowest Corner ===================================


======================= Typical Corner ===================================



===========================================================================
report_parasitic_annotation -report_unannotated
============================================================================
Found 66 unannotated drivers.
 vortex_top_100/HI
 vortex_top_101/HI
 vortex_top_36/HI
 vortex_top_37/HI
 vortex_top_38/HI
 vortex_top_39/HI
 vortex_top_40/HI
 vortex_top_41/HI
 vortex_top_42/HI
 vortex_top_43/HI
 vortex_top_44/HI
 vortex_top_45/HI
 vortex_top_46/HI
 vortex_top_47/HI
 vortex_top_48/HI
 vortex_top_49/HI
 vortex_top_50/HI
 vortex_top_51/HI
 vortex_top_52/HI
 vortex_top_53/HI
 vortex_top_54/HI
 vortex_top_55/HI
 vortex_top_56/HI
 vortex_top_57/HI
 vortex_top_58/HI
 vortex_top_59/HI
 vortex_top_60/HI
 vortex_top_61/HI
 vortex_top_62/HI
 vortex_top_63/HI
 vortex_top_64/HI
 vortex_top_65/HI
 vortex_top_66/HI
 vortex_top_67/HI
 vortex_top_68/HI
 vortex_top_69/HI
 vortex_top_70/HI
 vortex_top_71/HI
 vortex_top_72/HI
 vortex_top_73/HI
 vortex_top_74/HI
 vortex_top_75/HI
 vortex_top_76/HI
 vortex_top_77/HI
 vortex_top_78/HI
 vortex_top_79/HI
 vortex_top_80/HI
 vortex_top_81/HI
 vortex_top_82/HI
 vortex_top_83/HI
 vortex_top_84/HI
 vortex_top_85/HI
 vortex_top_86/HI
 vortex_top_87/HI
 vortex_top_88/HI
 vortex_top_89/HI
 vortex_top_90/HI
 vortex_top_91/HI
 vortex_top_92/HI
 vortex_top_93/HI
 vortex_top_94/HI
 vortex_top_95/HI
 vortex_top_96/HI
 vortex_top_97/HI
 vortex_top_98/HI
 vortex_top_99/HI
Found 0 partially unannotated drivers.

===========================================================================
max slew violation count 0
max fanout violation count 0
max cap violation count 0
============================================================================

===========================================================================
check_setup -verbose -unconstrained_endpoints -multiple_clock -no_clock -no_input_delay -loops -generated_clocks
===========================================================================
Warning: There are 66 unconstrained endpoints.
  debug_alu_result[0]
  debug_alu_result[10]
  debug_alu_result[11]
  debug_alu_result[12]
  debug_alu_result[13]
  debug_alu_result[14]
  debug_alu_result[15]
  debug_alu_result[16]
  debug_alu_result[17]
  debug_alu_result[18]
  debug_alu_result[19]
  debug_alu_result[1]
  debug_alu_result[20]
  debug_alu_result[21]
  debug_alu_result[22]
  debug_alu_result[23]
  debug_alu_result[24]
  debug_alu_result[25]
  debug_alu_result[26]
  debug_alu_result[27]
  debug_alu_result[28]
  debug_alu_result[29]
  debug_alu_result[2]
  debug_alu_result[30]
  debug_alu_result[31]
  debug_alu_result[3]
  debug_alu_result[4]
  debug_alu_result[5]
  debug_alu_result[6]
  debug_alu_result[7]
  debug_alu_result[8]
  debug_alu_result[9]
  debug_instruction[0]
  debug_instruction[10]
  debug_instruction[11]
  debug_instruction[12]
  debug_instruction[13]
  debug_instruction[14]
  debug_instruction[15]
  debug_instruction[16]
  debug_instruction[17]
  debug_instruction[18]
  debug_instruction[19]
  debug_instruction[1]
  debug_instruction[20]
  debug_instruction[21]
  debug_instruction[22]
  debug_instruction[23]
  debug_instruction[24]
  debug_instruction[25]
  debug_instruction[26]
  debug_instruction[27]
  debug_instruction[28]
  debug_instruction[29]
  debug_instruction[2]
  debug_instruction[30]
  debug_instruction[31]
  debug_instruction[3]
  debug_instruction[4]
  debug_instruction[5]
  debug_instruction[6]
  debug_instruction[7]
  debug_instruction[8]
  debug_instruction[9]
  debug_pc[0]
  debug_pc[1]
